Determining if the pthread_create exist failed with the following output:
Change Dir: /home/prodrone/Documents/Anna/Logger/build/CMakeFiles/CMakeTmp

Run Build Command:"/usr/bin/make" "cmTC_74923/fast"
make[1]: Entering directory '/home/prodrone/Documents/Anna/Logger/build/CMakeFiles/CMakeTmp'
/usr/bin/make -f CMakeFiles/cmTC_74923.dir/build.make CMakeFiles/cmTC_74923.dir/build
make[2]: Entering directory '/home/prodrone/Documents/Anna/Logger/build/CMakeFiles/CMakeTmp'
Building C object CMakeFiles/cmTC_74923.dir/CheckSymbolExists.c.o
/usr/bin/cc     -o CMakeFiles/cmTC_74923.dir/CheckSymbolExists.c.o   -c /home/prodrone/Documents/Anna/Logger/build/CMakeFiles/CMakeTmp/CheckSymbolExists.c
Linking C executable cmTC_74923
/usr/bin/cmake -E cmake_link_script CMakeFiles/cmTC_74923.dir/link.txt --verbose=1
/usr/bin/cc       CMakeFiles/cmTC_74923.dir/CheckSymbolExists.c.o  -o cmTC_74923 -rdynamic 
CMakeFiles/cmTC_74923.dir/CheckSymbolExists.c.o: In function `main':
CheckSymbolExists.c:(.text+0x16): undefined reference to `pthread_create'
collect2: error: ld returned 1 exit status
CMakeFiles/cmTC_74923.dir/build.make:97: recipe for target 'cmTC_74923' failed
make[2]: *** [cmTC_74923] Error 1
make[2]: Leaving directory '/home/prodrone/Documents/Anna/Logger/build/CMakeFiles/CMakeTmp'
Makefile:126: recipe for target 'cmTC_74923/fast' failed
make[1]: *** [cmTC_74923/fast] Error 2
make[1]: Leaving directory '/home/prodrone/Documents/Anna/Logger/build/CMakeFiles/CMakeTmp'

File /home/prodrone/Documents/Anna/Logger/build/CMakeFiles/CMakeTmp/CheckSymbolExists.c:
/* */
#include <pthread.h>

int main(int argc, char** argv)
{
  (void)argv;
#ifndef pthread_create
  return ((int*)(&pthread_create))[argc];
#else
  (void)argc;
  return 0;
#endif
}

Determining if the function pthread_create exists in the pthreads failed with the following output:
Change Dir: /home/prodrone/Documents/Anna/Logger/build/CMakeFiles/CMakeTmp

Run Build Command:"/usr/bin/make" "cmTC_fce3d/fast"
make[1]: Entering directory '/home/prodrone/Documents/Anna/Logger/build/CMakeFiles/CMakeTmp'
/usr/bin/make -f CMakeFiles/cmTC_fce3d.dir/build.make CMakeFiles/cmTC_fce3d.dir/build
make[2]: Entering directory '/home/prodrone/Documents/Anna/Logger/build/CMakeFiles/CMakeTmp'
Building C object CMakeFiles/cmTC_fce3d.dir/CheckFunctionExists.c.o
/usr/bin/cc    -DCHECK_FUNCTION_EXISTS=pthread_create   -o CMakeFiles/cmTC_fce3d.dir/CheckFunctionExists.c.o   -c /usr/share/cmake-3.5/Modules/CheckFunctionExists.c
Linking C executable cmTC_fce3d
/usr/bin/cmake -E cmake_link_script CMakeFiles/cmTC_fce3d.dir/link.txt --verbose=1
/usr/bin/cc   -DCHECK_FUNCTION_EXISTS=pthread_create    CMakeFiles/cmTC_fce3d.dir/CheckFunctionExists.c.o  -o cmTC_fce3d -rdynamic -lpthreads 
/usr/bin/ld: cannot find -lpthreads
collect2: error: ld returned 1 exit status
CMakeFiles/cmTC_fce3d.dir/build.make:97: recipe for target 'cmTC_fce3d' failed
make[2]: *** [cmTC_fce3d] Error 1
make[2]: Leaving directory '/home/prodrone/Documents/Anna/Logger/build/CMakeFiles/CMakeTmp'
Makefile:126: recipe for target 'cmTC_fce3d/fast' failed
make[1]: *** [cmTC_fce3d/fast] Error 2
make[1]: Leaving directory '/home/prodrone/Documents/Anna/Logger/build/CMakeFiles/CMakeTmp'


